2021-03-27 13:11:46.202 - INFO - 5409 - azureml.train.automl._experiment_drivers.driver_utilities.modify_run_configuration:199 - Package azureml-train-automl missing from dependencies file.
2021-03-27 13:11:46.202 - INFO - 5409 - azureml.train.automl._experiment_drivers.driver_utilities.modify_run_configuration:205 - Using pinned version: azureml-train-automl==1.22.0.*
2021-03-27 13:11:46.203 - INFO - 5409 - azureml.train.automl._experiment_drivers.driver_utilities.modify_run_configuration:199 - Package pandas missing from dependencies file.
2021-03-27 13:11:46.203 - INFO - 5409 - azureml.train.automl._experiment_drivers.driver_utilities.modify_run_configuration:205 - Using pinned version: pandas==0.25.1
2021-03-27 13:11:46.204 - INFO - 5409 - azureml.train.automl._experiment_drivers.driver_utilities.modify_run_configuration:199 - Package psutil missing from dependencies file.
2021-03-27 13:11:46.205 - INFO - 5409 - azureml.train.automl._experiment_drivers.driver_utilities.modify_run_configuration:205 - Using pinned version: psutil>5.0.0,<6.0.0
2021-03-27 13:11:46.205 - INFO - 5409 - azureml.train.automl._experiment_drivers.driver_utilities.modify_run_configuration:199 - Package scikit-learn missing from dependencies file.
2021-03-27 13:11:46.206 - INFO - 5409 - azureml.train.automl._experiment_drivers.driver_utilities.modify_run_configuration:205 - Using pinned version: scikit-learn==0.22.1
2021-03-27 13:11:46.206 - INFO - 5409 - azureml.train.automl._experiment_drivers.driver_utilities.modify_run_configuration:199 - Package numpy missing from dependencies file.
2021-03-27 13:11:46.207 - INFO - 5409 - azureml.train.automl._experiment_drivers.driver_utilities.modify_run_configuration:205 - Using pinned version: numpy~=1.18.0
2021-03-27 13:11:46.207 - INFO - 5409 - azureml.train.automl._experiment_drivers.driver_utilities.modify_run_configuration:199 - Package py-xgboost missing from dependencies file.
2021-03-27 13:11:46.217 - INFO - 5409 - azureml.train.automl._experiment_drivers.driver_utilities.modify_run_configuration:205 - Using pinned version: py-xgboost<=0.90
2021-03-27 13:11:46.218 - INFO - 5409 - azureml.train.automl._experiment_drivers.driver_utilities.modify_run_configuration:199 - Package inference-schema missing from dependencies file.
2021-03-27 13:11:46.219 - INFO - 5409 - azureml.train.automl._experiment_drivers.driver_utilities.modify_run_configuration:199 - Package fbprophet missing from dependencies file.
2021-03-27 13:11:46.220 - INFO - 5409 - azureml.train.automl._experiment_drivers.driver_utilities.modify_run_configuration:205 - Using pinned version: fbprophet==0.5
2021-03-27 13:11:46.220 - INFO - 5409 - azureml.train.automl._experiment_drivers.driver_utilities.modify_run_configuration:199 - Package setuptools-git missing from dependencies file.
2021-03-27 13:11:46.221 - INFO - 5409 - azureml.train.automl._experiment_drivers.driver_utilities.modify_run_configuration:209 - Using installed version: setuptools-git==1.2
2021-03-27 13:11:46.235 - INFO - 5409 - azureml.train.automl._experiment_drivers.driver_utilities.validate_input:105 - Start data validation.
2021-03-27 13:11:47.404 - INFO - 5409 - azureml.train.automl._experiment_drivers.driver_utilities.validate_input:118 - Validation service found the data has no errors.
2021-03-27 13:11:47.405 - INFO - 5409 - azureml.train.automl._experiment_drivers.driver_utilities._create_remote_parent_run:377 - Start creating parent run.
2021-03-27 13:11:47.731 - INFO - 5409 - azureml.train.automl._experiment_drivers.driver_utilities._create_remote_parent_run:396 - [ParentRunID:AutoML_7bf75bcc-1389-4580-bf26-851b8e6e776a] Remote run using input X and y.
2021-03-27 13:11:47.900 - INFO - 5409 - azureml.train.automl._experiment_drivers.driver_utilities._create_remote_parent_run:416 - Parent Run ID: AutoML_7bf75bcc-1389-4580-bf26-851b8e6e776a
2021-03-27 13:11:47.902 - INFO - 5409 - azureml.train.automl._experiment_drivers.driver_utilities.start_remote_run:332 - Starting a snapshot run (snapshot_id : None)
