2021-03-24 19:20:29,920|azureml|DEBUG|Inputs:: kwargs: {'OutputCollection': True, 'EnableMLflowTracking': True, 'snapshotProject': True}, track_folders: None, deny_list: None, directories_to_watch: ['logs', 'logs/azureml']
2021-03-24 19:20:29,921|azureml.history._tracking.PythonWorkingDirectory|DEBUG|Execution target type: none
2021-03-24 19:20:29,921|azureml.history._tracking.PythonWorkingDirectory|DEBUG|Failed to import pyspark with error: No module named 'pyspark'
2021-03-24 19:20:29,921|azureml.history._tracking.PythonWorkingDirectory.workingdir|DEBUG|Pinning working directory for filesystems: ['pyfs']
2021-03-24 19:20:30,298|azureml.core.run|DEBUG|Adding new factory <function ScriptRun._from_run_dto at 0x7f8878447400> for run source azureml.scriptrun
2021-03-24 19:20:30,299|azureml.core.run|DEBUG|Identity in use is not set. Falling back to using AMLToken
2021-03-24 19:20:30,299|azureml.core.run|DEBUG|Using AMLToken auth for remote run
2021-03-24 19:20:30,301|azureml.core.authentication.TokenRefresherDaemon|DEBUG|Starting daemon and triggering first instance
2021-03-24 19:20:30,310|azureml._restclient.clientbase|INFO|Created a worker pool for first use
2021-03-24 19:20:30,310|azureml.core.authentication|DEBUG|Time to expire 1814294.68969 seconds
2021-03-24 19:20:30,310|azureml._restclient.service_context|DEBUG|Created a static thread pool for ServiceContext class
2021-03-24 19:20:30,310|azureml._base_sdk_common.service_discovery|DEBUG|Found history service url in environment variable AZUREML_SERVICE_ENDPOINT, history service url: https://eastus2.experiments.azureml.net.
2021-03-24 19:20:30,310|azureml._base_sdk_common.service_discovery|DEBUG|Found history service url in environment variable AZUREML_SERVICE_ENDPOINT, history service url: https://eastus2.experiments.azureml.net.
2021-03-24 19:20:30,311|azureml._base_sdk_common.service_discovery|DEBUG|Found history service url in environment variable AZUREML_SERVICE_ENDPOINT, history service url: https://eastus2.experiments.azureml.net.
2021-03-24 19:20:30,311|azureml._base_sdk_common.service_discovery|DEBUG|Found history service url in environment variable AZUREML_SERVICE_ENDPOINT, history service url: https://eastus2.experiments.azureml.net.
2021-03-24 19:20:30,311|azureml._base_sdk_common.service_discovery|DEBUG|Found history service url in environment variable AZUREML_SERVICE_ENDPOINT, history service url: https://eastus2.experiments.azureml.net.
2021-03-24 19:20:30,311|azureml._base_sdk_common.service_discovery|DEBUG|Found history service url in environment variable AZUREML_SERVICE_ENDPOINT, history service url: https://eastus2.experiments.azureml.net.
2021-03-24 19:20:30,311|azureml._base_sdk_common.service_discovery|DEBUG|Found history service url in environment variable AZUREML_SERVICE_ENDPOINT, history service url: https://eastus2.experiments.azureml.net.
2021-03-24 19:20:30,349|azureml._SubmittedRun#mslearn-diabetes_1616613524_57e7e720.RunHistoryFacade.RunClient.get_by_exp_id-async:False|DEBUG|[START]
2021-03-24 19:20:30,350|azureml._SubmittedRun#mslearn-diabetes_1616613524_57e7e720.RunHistoryFacade.RunClient|DEBUG|ClientBase: Calling get_by_exp_id with url /history/v1.0/subscriptions/{subscriptionId}/resourceGroups/{resourceGroupName}/providers/Microsoft.MachineLearningServices/workspaces/{workspaceName}/experimentids/{experimentId}/runs/{runId}
2021-03-24 19:20:30,469|azureml._SubmittedRun#mslearn-diabetes_1616613524_57e7e720.RunHistoryFacade.RunClient.get_by_exp_id-async:False|DEBUG|[STOP]
2021-03-24 19:20:30,470|azureml._SubmittedRun#mslearn-diabetes_1616613524_57e7e720|DEBUG|Constructing run from dto. type: azureml.scriptrun, source: None, props: {'_azureml.ComputeTargetType': 'local', 'ContentSnapshotId': 'a3b9a598-82d2-43f8-ac13-9cff27eb76ce', 'azureml.git.repository_uri': 'https://github.com/MicrosoftLearning/mslearn-dp100', 'mlflow.source.git.repoURL': 'https://github.com/MicrosoftLearning/mslearn-dp100', 'azureml.git.branch': 'main', 'mlflow.source.git.branch': 'main', 'azureml.git.commit': 'f239fd89deb74b8808e79f452dab1b737a3c3070', 'mlflow.source.git.commit': 'f239fd89deb74b8808e79f452dab1b737a3c3070', 'azureml.git.dirty': 'True'}
2021-03-24 19:20:30,470|azureml._SubmittedRun#mslearn-diabetes_1616613524_57e7e720.RunContextManager|DEBUG|Valid logs dir, setting up content loader
2021-03-24 19:20:30,470|azureml|WARNING|Could not import azureml.mlflow or azureml.contrib.mlflow mlflow APIs will not run against AzureML services.  Add azureml-mlflow as a conda dependency for the run if this behavior is desired
2021-03-24 19:20:30,470|azureml.WorkerPool|DEBUG|[START]
2021-03-24 19:20:30,470|azureml.SendRunKillSignal|DEBUG|[START]
2021-03-24 19:20:30,470|azureml.RunStatusContext|DEBUG|[START]
2021-03-24 19:20:30,470|azureml._SubmittedRun#mslearn-diabetes_1616613524_57e7e720.RunContextManager.RunStatusContext|DEBUG|[START]
2021-03-24 19:20:30,470|azureml.MetricsClient|DEBUG|[START]
2021-03-24 19:20:30,470|azureml._SubmittedRun#mslearn-diabetes_1616613524_57e7e720.RunHistoryFacade.MetricsClient|DEBUG|[START]
2021-03-24 19:20:30,470|azureml.ContentUploader|DEBUG|[START]
2021-03-24 19:20:30,471|azureml._history.utils.context_managers|DEBUG|starting file watcher
2021-03-24 19:20:30,471|azureml._history.utils.context_managers.FileWatcher.UploadQueue|DEBUG|[Start]
2021-03-24 19:20:30,471|azureml.TrackFolders|DEBUG|[START]
2021-03-24 19:20:30,471|azureml.WorkingDirectoryCM|DEBUG|[START]
2021-03-24 19:20:30,472|azureml.history._tracking.PythonWorkingDirectory.workingdir|DEBUG|[START]
2021-03-24 19:20:30,472|azureml.history._tracking.PythonWorkingDirectory|INFO|Current working dir: /tmp/azureml_runs/mslearn-diabetes_1616613524_57e7e720
2021-03-24 19:20:30,472|azureml.history._tracking.PythonWorkingDirectory.workingdir|DEBUG|Calling pyfs
2021-03-24 19:20:30,472|azureml.history._tracking.PythonWorkingDirectory.workingdir|DEBUG|Storing working dir for pyfs as /tmp/azureml_runs/mslearn-diabetes_1616613524_57e7e720
2021-03-24 19:20:30,479|azureml._SubmittedRun#mslearn-diabetes_1616613524_57e7e720.RunHistoryFacade.ArtifactsClient.batch_create_empty_artifacts-async:False|DEBUG|[START]
2021-03-24 19:20:30,479|azureml._SubmittedRun#mslearn-diabetes_1616613524_57e7e720.RunHistoryFacade.ArtifactsClient|DEBUG|ClientBase: Calling batch_create_empty_artifacts with url /artifact/v2.0/subscriptions/{subscriptionId}/resourceGroups/{resourceGroupName}/providers/Microsoft.MachineLearningServices/workspaces/{workspaceName}/artifacts/batch/metadata/{origin}/{container}
2021-03-24 19:20:30,624|azureml._SubmittedRun#mslearn-diabetes_1616613524_57e7e720.RunHistoryFacade.ArtifactsClient.batch_create_empty_artifacts-async:False|DEBUG|[STOP]
2021-03-24 19:20:30,686|azureml._history.utils.context_managers.FileWatcher|DEBUG|uploading data to container: azureml blob: ExperimentRun/dcid.mslearn-diabetes_1616613524_57e7e720/logs/azureml/21279_azureml.log path: /tmp/azureml_runs/mslearn-diabetes_1616613524_57e7e720/logs/azureml/21279_azureml.log
2021-03-24 19:20:30,686|azureml._history.utils.context_managers.FileWatcher.UploadQueue.WorkerPool|DEBUG|submitting future: result
2021-03-24 19:20:30,687|azureml._history.utils.context_managers.FileWatcher.UploadQueue.0_result|DEBUG|Using basic handler - no exception handling
2021-03-24 19:20:30,687|azureml._history.utils.context_managers.FileWatcher.UploadQueue|DEBUG|Adding task 0_result to queue of approximate size: 0
2021-03-24 19:20:31,020|azureml.core.run|DEBUG|Identity in use is not set. Falling back to using AMLToken
2021-03-24 19:20:31,021|azureml.core.run|DEBUG|Using AMLToken auth for remote run
2021-03-24 19:20:31,021|azureml._restclient.service_context|DEBUG|Access an existing static threadpool for ServiceContext class
2021-03-24 19:20:31,021|azureml._base_sdk_common.service_discovery|DEBUG|Found history service url in environment variable AZUREML_SERVICE_ENDPOINT, history service url: https://eastus2.experiments.azureml.net.
2021-03-24 19:20:31,021|azureml._base_sdk_common.service_discovery|DEBUG|Found history service url in environment variable AZUREML_SERVICE_ENDPOINT, history service url: https://eastus2.experiments.azureml.net.
2021-03-24 19:20:31,021|azureml._base_sdk_common.service_discovery|DEBUG|Found history service url in environment variable AZUREML_SERVICE_ENDPOINT, history service url: https://eastus2.experiments.azureml.net.
2021-03-24 19:20:31,022|azureml._base_sdk_common.service_discovery|DEBUG|Found history service url in environment variable AZUREML_SERVICE_ENDPOINT, history service url: https://eastus2.experiments.azureml.net.
2021-03-24 19:20:31,022|azureml._base_sdk_common.service_discovery|DEBUG|Found history service url in environment variable AZUREML_SERVICE_ENDPOINT, history service url: https://eastus2.experiments.azureml.net.
2021-03-24 19:20:31,022|azureml._base_sdk_common.service_discovery|DEBUG|Found history service url in environment variable AZUREML_SERVICE_ENDPOINT, history service url: https://eastus2.experiments.azureml.net.
2021-03-24 19:20:31,022|azureml._base_sdk_common.service_discovery|DEBUG|Found history service url in environment variable AZUREML_SERVICE_ENDPOINT, history service url: https://eastus2.experiments.azureml.net.
2021-03-24 19:20:31,070|azureml._SubmittedRun#mslearn-diabetes_1616613524_57e7e720.RunHistoryFacade.RunClient.get_by_exp_id-async:False|DEBUG|[START]
2021-03-24 19:20:31,070|azureml._SubmittedRun#mslearn-diabetes_1616613524_57e7e720.RunHistoryFacade.RunClient|DEBUG|ClientBase: Calling get_by_exp_id with url /history/v1.0/subscriptions/{subscriptionId}/resourceGroups/{resourceGroupName}/providers/Microsoft.MachineLearningServices/workspaces/{workspaceName}/experimentids/{experimentId}/runs/{runId}
2021-03-24 19:20:31,151|azureml._SubmittedRun#mslearn-diabetes_1616613524_57e7e720.RunHistoryFacade.RunClient.get_by_exp_id-async:False|DEBUG|[STOP]
2021-03-24 19:20:31,152|azureml._SubmittedRun#mslearn-diabetes_1616613524_57e7e720|DEBUG|Constructing run from dto. type: azureml.scriptrun, source: None, props: {'_azureml.ComputeTargetType': 'local', 'ContentSnapshotId': 'a3b9a598-82d2-43f8-ac13-9cff27eb76ce', 'azureml.git.repository_uri': 'https://github.com/MicrosoftLearning/mslearn-dp100', 'mlflow.source.git.repoURL': 'https://github.com/MicrosoftLearning/mslearn-dp100', 'azureml.git.branch': 'main', 'mlflow.source.git.branch': 'main', 'azureml.git.commit': 'f239fd89deb74b8808e79f452dab1b737a3c3070', 'mlflow.source.git.commit': 'f239fd89deb74b8808e79f452dab1b737a3c3070', 'azureml.git.dirty': 'True'}
2021-03-24 19:20:31,152|azureml._SubmittedRun#mslearn-diabetes_1616613524_57e7e720.RunContextManager|DEBUG|Valid logs dir, setting up content loader
2021-03-24 19:20:31,167|azureml._SubmittedRun#mslearn-diabetes_1616613524_57e7e720.RunHistoryFacade.MetricsClient|DEBUG|Overrides: Max batch size: 50, batch cushion: 5, Interval: 1.
2021-03-24 19:20:31,168|azureml._SubmittedRun#mslearn-diabetes_1616613524_57e7e720.RunHistoryFacade.MetricsClient.PostMetricsBatchV2.PostMetricsBatchV2Daemon|DEBUG|Starting daemon and triggering first instance
2021-03-24 19:20:31,168|azureml._SubmittedRun#mslearn-diabetes_1616613524_57e7e720.RunHistoryFacade.MetricsClient|DEBUG|Used <class 'azureml._common.async_utils.batch_task_queue.BatchTaskQueue'> for use_batch=True.
2021-03-24 19:20:31,173|azureml._SubmittedRun#mslearn-diabetes_1616613524_57e7e720|INFO|complete is not setting status for submitted runs.
2021-03-24 19:20:31,174|azureml._SubmittedRun#mslearn-diabetes_1616613524_57e7e720.RunHistoryFacade.MetricsClient.FlushingMetricsClient|DEBUG|[START]
2021-03-24 19:20:31,174|azureml._SubmittedRun#mslearn-diabetes_1616613524_57e7e720.RunHistoryFacade.MetricsClient|DEBUG|Overrides: Max batch size: 50, batch cushion: 5, Interval: 1.
2021-03-24 19:20:31,174|azureml._SubmittedRun#mslearn-diabetes_1616613524_57e7e720.RunHistoryFacade.MetricsClient.PostMetricsBatch.PostMetricsBatchDaemon|DEBUG|Starting daemon and triggering first instance
2021-03-24 19:20:31,174|azureml._SubmittedRun#mslearn-diabetes_1616613524_57e7e720.RunHistoryFacade.MetricsClient|DEBUG|Used <class 'azureml._common.async_utils.batch_task_queue.BatchTaskQueue'> for use_batch=True.
2021-03-24 19:20:31,174|azureml._SubmittedRun#mslearn-diabetes_1616613524_57e7e720.RunHistoryFacade.MetricsClient.PostMetricsBatch.WaitFlushSource:MetricsClient|DEBUG|[START]
2021-03-24 19:20:31,174|azureml._SubmittedRun#mslearn-diabetes_1616613524_57e7e720.RunHistoryFacade.MetricsClient.PostMetricsBatch.WaitFlushSource:MetricsClient|DEBUG|flush timeout 300 is different from task queue timeout 120, using flush timeout
2021-03-24 19:20:31,174|azureml._SubmittedRun#mslearn-diabetes_1616613524_57e7e720.RunHistoryFacade.MetricsClient.PostMetricsBatch.WaitFlushSource:MetricsClient|DEBUG|Waiting 300 seconds on tasks: [].
2021-03-24 19:20:31,174|azureml._SubmittedRun#mslearn-diabetes_1616613524_57e7e720.RunHistoryFacade.MetricsClient.PostMetricsBatch|DEBUG|
2021-03-24 19:20:31,174|azureml._SubmittedRun#mslearn-diabetes_1616613524_57e7e720.RunHistoryFacade.MetricsClient.PostMetricsBatch.WaitFlushSource:MetricsClient|DEBUG|[STOP]
2021-03-24 19:20:31,174|azureml.BatchTaskQueueAdd_1_Batches|DEBUG|[Start]
2021-03-24 19:20:31,174|azureml.BatchTaskQueueAdd_1_Batches.WorkerPool|DEBUG|submitting future: _handle_batch
2021-03-24 19:20:31,175|azureml._SubmittedRun#mslearn-diabetes_1616613524_57e7e720.RunHistoryFacade.MetricsClient.PostMetricsBatchV2|DEBUG|Batch size 3.
2021-03-24 19:20:31,175|azureml.BatchTaskQueueAdd_1_Batches.0__handle_batch|DEBUG|Using basic handler - no exception handling
2021-03-24 19:20:31,175|azureml.BatchTaskQueueAdd_1_Batches|DEBUG|Adding task 0__handle_batch to queue of approximate size: 0
2021-03-24 19:20:31,175|azureml.BatchTaskQueueAdd_1_Batches|DEBUG|[Stop] - waiting default timeout
2021-03-24 19:20:31,175|azureml.BatchTaskQueueAdd_1_Batches.WaitFlushSource:BatchTaskQueueAdd_1_Batches|DEBUG|[START]
2021-03-24 19:20:31,175|azureml.BatchTaskQueueAdd_1_Batches.WaitFlushSource:BatchTaskQueueAdd_1_Batches|DEBUG|Overriding default flush timeout from None to 120
2021-03-24 19:20:31,175|azureml.BatchTaskQueueAdd_1_Batches.WaitFlushSource:BatchTaskQueueAdd_1_Batches|DEBUG|Waiting 120 seconds on tasks: [AsyncTask(0__handle_batch)].
2021-03-24 19:20:31,175|azureml._restclient.service_context.WorkerPool|DEBUG|submitting future: _log_batch_v2
2021-03-24 19:20:31,175|azureml._SubmittedRun#mslearn-diabetes_1616613524_57e7e720.RunHistoryFacade.MetricsClient|DEBUG|Metrics Client: _log_batch_v2 is calling post_run_metrics posting 3 values.
2021-03-24 19:20:31,175|azureml._SubmittedRun#mslearn-diabetes_1616613524_57e7e720.RunHistoryFacade.MetricsClient.PostMetricsBatchV2.0__log_batch_v2|DEBUG|Using basic handler - no exception handling
2021-03-24 19:20:31,175|azureml._SubmittedRun#mslearn-diabetes_1616613524_57e7e720.RunHistoryFacade.MetricsClient.PostMetricsBatchV2|DEBUG|Adding task 0__log_batch_v2 to queue of approximate size: 0
2021-03-24 19:20:31,175|azureml._SubmittedRun#mslearn-diabetes_1616613524_57e7e720.RunHistoryFacade.MetricsClient._post_run_metrics_log_failed_validations-async:False|DEBUG|[START]
2021-03-24 19:20:31,175|azureml._SubmittedRun#mslearn-diabetes_1616613524_57e7e720.RunHistoryFacade.MetricsClient|DEBUG|ClientBase: Calling _post_run_metrics_log_failed_validations with url None
2021-03-24 19:20:31,376|azureml._SubmittedRun#mslearn-diabetes_1616613524_57e7e720.RunHistoryFacade.MetricsClient._post_run_metrics_log_failed_validations-async:False|DEBUG|[STOP]
2021-03-24 19:20:31,425|azureml.BatchTaskQueueAdd_1_Batches.0__handle_batch.WaitingTask|DEBUG|[START]
2021-03-24 19:20:31,426|azureml.BatchTaskQueueAdd_1_Batches.0__handle_batch.WaitingTask|DEBUG|Awaiter is BatchTaskQueueAdd_1_Batches
2021-03-24 19:20:31,426|azureml.BatchTaskQueueAdd_1_Batches.0__handle_batch.WaitingTask|DEBUG|[STOP]
2021-03-24 19:20:31,426|azureml.BatchTaskQueueAdd_1_Batches|DEBUG|Waiting on task: 0__handle_batch.
1 tasks left. Current duration of flush 5.936622619628906e-05 seconds.

2021-03-24 19:20:31,426|azureml.BatchTaskQueueAdd_1_Batches.WaitFlushSource:BatchTaskQueueAdd_1_Batches|DEBUG|[STOP]
2021-03-24 19:20:31,426|azureml._SubmittedRun#mslearn-diabetes_1616613524_57e7e720.RunHistoryFacade.MetricsClient.PostMetricsBatchV2.WaitFlushSource:MetricsClient|DEBUG|[START]
2021-03-24 19:20:31,426|azureml._SubmittedRun#mslearn-diabetes_1616613524_57e7e720.RunHistoryFacade.MetricsClient.PostMetricsBatchV2.WaitFlushSource:MetricsClient|DEBUG|flush timeout 300 is different from task queue timeout 120, using flush timeout
2021-03-24 19:20:31,426|azureml._SubmittedRun#mslearn-diabetes_1616613524_57e7e720.RunHistoryFacade.MetricsClient.PostMetricsBatchV2.WaitFlushSource:MetricsClient|DEBUG|Waiting 300 seconds on tasks: [AsyncTask(0__log_batch_v2)].
2021-03-24 19:20:31,426|azureml._SubmittedRun#mslearn-diabetes_1616613524_57e7e720.RunHistoryFacade.MetricsClient.PostMetricsBatchV2.0__log_batch_v2.WaitingTask|DEBUG|[START]
2021-03-24 19:20:31,426|azureml._SubmittedRun#mslearn-diabetes_1616613524_57e7e720.RunHistoryFacade.MetricsClient.PostMetricsBatchV2.0__log_batch_v2.WaitingTask|DEBUG|Awaiter is PostMetricsBatchV2
2021-03-24 19:20:31,426|azureml._SubmittedRun#mslearn-diabetes_1616613524_57e7e720.RunHistoryFacade.MetricsClient.PostMetricsBatchV2.0__log_batch_v2.WaitingTask|DEBUG|[STOP]
2021-03-24 19:20:31,426|azureml._SubmittedRun#mslearn-diabetes_1616613524_57e7e720.RunHistoryFacade.MetricsClient.PostMetricsBatchV2|DEBUG|
2021-03-24 19:20:31,426|azureml._SubmittedRun#mslearn-diabetes_1616613524_57e7e720.RunHistoryFacade.MetricsClient.PostMetricsBatchV2.WaitFlushSource:MetricsClient|DEBUG|[STOP]
2021-03-24 19:20:31,426|azureml._SubmittedRun#mslearn-diabetes_1616613524_57e7e720.RunHistoryFacade.MetricsClient.FlushingMetricsClient|DEBUG|[STOP]
2021-03-24 19:20:31,426|azureml._SubmittedRun#mslearn-diabetes_1616613524_57e7e720.RunHistoryFacade.MetricsClient.wait_on_ingest-async:False|DEBUG|[START]
2021-03-24 19:20:31,426|azureml._SubmittedRun#mslearn-diabetes_1616613524_57e7e720.RunHistoryFacade.MetricsClient|DEBUG|ClientBase: Calling wait_on_ingest with url /history/v1.0/subscriptions/{subscriptionId}/resourceGroups/{resourceGroupName}/providers/Microsoft.MachineLearningServices/workspaces/{workspaceName}/experiments/{experimentName}/runs/{runId}/metricsingest/wait
2021-03-24 19:20:31,507|azureml._SubmittedRun#mslearn-diabetes_1616613524_57e7e720.RunHistoryFacade.MetricsClient.wait_on_ingest-async:False|DEBUG|[STOP]
2021-03-24 19:20:36,515|azureml._restclient.clientbase|DEBUG|ClientBase: Calling update_status with url None
2021-03-24 19:20:36,566|azureml.history._tracking.PythonWorkingDirectory.workingdir|DEBUG|Uploading tracked directories: [], excluding []
2021-03-24 19:20:36,566|azureml.history._tracking.PythonWorkingDirectory.workingdir|DEBUG|Calling track for pyfs
2021-03-24 19:20:37,833|azureml.history._tracking.PythonWorkingDirectory.workingdir|DEBUG|Calling pyfs
2021-03-24 19:20:37,833|azureml.history._tracking.PythonWorkingDirectory|INFO|Current working dir: /tmp/azureml_runs/mslearn-diabetes_1616613524_57e7e720
2021-03-24 19:20:37,834|azureml.history._tracking.PythonWorkingDirectory.workingdir|DEBUG|Reverting working dir from /tmp/azureml_runs/mslearn-diabetes_1616613524_57e7e720 to /tmp/azureml_runs/mslearn-diabetes_1616613524_57e7e720
2021-03-24 19:20:37,834|azureml.history._tracking.PythonWorkingDirectory|INFO|Working dir is already updated /tmp/azureml_runs/mslearn-diabetes_1616613524_57e7e720
2021-03-24 19:20:37,834|azureml.history._tracking.PythonWorkingDirectory.workingdir|DEBUG|[STOP]
2021-03-24 19:20:37,834|azureml.WorkingDirectoryCM|DEBUG|[STOP]
2021-03-24 19:20:37,834|azureml.history._tracking.PythonWorkingDirectory.workingdir|DEBUG|Uploading tracked directories: ['./outputs'], excluding ['azureml-logs/driver_log']
2021-03-24 19:20:37,834|azureml.history._tracking.PythonWorkingDirectory.workingdir|DEBUG|Calling track for pyfs
2021-03-24 19:20:37,834|azureml.history._tracking.PythonWorkingDirectory|DEBUG|./outputs exists as directory, uploading..
2021-03-24 19:20:37,834|azureml.history._tracking.PythonWorkingDirectory|DEBUG|Found and adding path to upload: ./outputs/sample.csv
2021-03-24 19:20:37,834|azureml.history._tracking.PythonWorkingDirectory|DEBUG|Paths to upload is ['./outputs/sample.csv'] in dir ./outputs
2021-03-24 19:20:37,834|azureml._SubmittedRun#mslearn-diabetes_1616613524_57e7e720.RunHistoryFacade.ArtifactsClient.upload_files|DEBUG|Overriding default timeout to 300
2021-03-24 19:20:37,834|azureml._SubmittedRun#mslearn-diabetes_1616613524_57e7e720.RunHistoryFacade.ArtifactsClient.upload_files|DEBUG|[Start]
2021-03-24 19:20:37,835|azureml._SubmittedRun#mslearn-diabetes_1616613524_57e7e720.RunHistoryFacade.ArtifactsClient.batch_create_empty_artifacts-async:False|DEBUG|[START]
2021-03-24 19:20:37,835|azureml._SubmittedRun#mslearn-diabetes_1616613524_57e7e720.RunHistoryFacade.ArtifactsClient|DEBUG|ClientBase: Calling batch_create_empty_artifacts with url /artifact/v2.0/subscriptions/{subscriptionId}/resourceGroups/{resourceGroupName}/providers/Microsoft.MachineLearningServices/workspaces/{workspaceName}/artifacts/batch/metadata/{origin}/{container}
2021-03-24 19:20:39,015|azureml._SubmittedRun#mslearn-diabetes_1616613524_57e7e720.RunHistoryFacade.ArtifactsClient.batch_create_empty_artifacts-async:False|DEBUG|[STOP]
2021-03-24 19:20:39,015|azureml._restclient.service_context.WorkerPool|DEBUG|submitting future: perform_upload
2021-03-24 19:20:39,015|azureml._restclient.clientbase|DEBUG|ClientBase: Calling create_blob_from_stream with url None
2021-03-24 19:20:39,016|azureml._SubmittedRun#mslearn-diabetes_1616613524_57e7e720.RunHistoryFacade.ArtifactsClient.upload_files.0_perform_upload|DEBUG|Using basic handler - no exception handling
2021-03-24 19:20:39,018|azureml._SubmittedRun#mslearn-diabetes_1616613524_57e7e720.RunHistoryFacade.ArtifactsClient.upload_files|DEBUG|Adding task 0_perform_upload to queue of approximate size: 0
2021-03-24 19:20:39,018|azureml._SubmittedRun#mslearn-diabetes_1616613524_57e7e720.RunHistoryFacade.ArtifactsClient.upload_files|DEBUG|[Stop] - waiting default timeout
2021-03-24 19:20:39,018|azureml._SubmittedRun#mslearn-diabetes_1616613524_57e7e720.RunHistoryFacade.ArtifactsClient.upload_files.WaitFlushSource:upload_files|DEBUG|[START]
2021-03-24 19:20:39,018|azureml._SubmittedRun#mslearn-diabetes_1616613524_57e7e720.RunHistoryFacade.ArtifactsClient.upload_files.WaitFlushSource:upload_files|DEBUG|Overriding default flush timeout from None to 300
2021-03-24 19:20:39,018|azureml._SubmittedRun#mslearn-diabetes_1616613524_57e7e720.RunHistoryFacade.ArtifactsClient.upload_files.WaitFlushSource:upload_files|DEBUG|Waiting 300 seconds on tasks: [AsyncTask(0_perform_upload)].
2021-03-24 19:20:39,116|azureml._file_utils.upload|DEBUG|Uploaded blob ExperimentRun/dcid.mslearn-diabetes_1616613524_57e7e720/outputs/sample.csv with size 5596, file size 5596.
2021-03-24 19:20:39,269|azureml._SubmittedRun#mslearn-diabetes_1616613524_57e7e720.RunHistoryFacade.ArtifactsClient.upload_files.0_perform_upload.WaitingTask|DEBUG|[START]
2021-03-24 19:20:39,269|azureml._SubmittedRun#mslearn-diabetes_1616613524_57e7e720.RunHistoryFacade.ArtifactsClient.upload_files.0_perform_upload.WaitingTask|DEBUG|Awaiter is upload_files
2021-03-24 19:20:39,270|azureml._SubmittedRun#mslearn-diabetes_1616613524_57e7e720.RunHistoryFacade.ArtifactsClient.upload_files.0_perform_upload.WaitingTask|DEBUG|[STOP]
2021-03-24 19:20:39,270|azureml._SubmittedRun#mslearn-diabetes_1616613524_57e7e720.RunHistoryFacade.ArtifactsClient.upload_files|DEBUG|Waiting on task: 0_perform_upload.
1 tasks left. Current duration of flush 7.081031799316406e-05 seconds.

2021-03-24 19:20:39,270|azureml._SubmittedRun#mslearn-diabetes_1616613524_57e7e720.RunHistoryFacade.ArtifactsClient.upload_files.WaitFlushSource:upload_files|DEBUG|[STOP]
2021-03-24 19:20:39,270|azureml.TrackFolders|DEBUG|[STOP]
2021-03-24 19:20:39,270|azureml._history.utils.context_managers|DEBUG|exiting ContentUploader, waiting for file_watcher to finish upload...
2021-03-24 19:20:39,270|azureml._history.utils.context_managers.FileWatcher|DEBUG|FileWatcher called finish, setting event
2021-03-24 19:20:39,270|azureml._history.utils.context_managers.FileWatcher|DEBUG|FileWatcher received exit event, getting current_stat
2021-03-24 19:20:39,270|azureml._history.utils.context_managers.FileWatcher.UploadQueue.WorkerPool|DEBUG|submitting future: result
2021-03-24 19:20:39,271|azureml._history.utils.context_managers.FileWatcher.UploadQueue.1_result|DEBUG|Using basic handler - no exception handling
2021-03-24 19:20:39,271|azureml._history.utils.context_managers.FileWatcher.UploadQueue|DEBUG|Adding task 1_result to queue of approximate size: 1
2021-03-24 19:20:39,271|azureml._history.utils.context_managers.FileWatcher|DEBUG|FileWatcher retrieved current_stat, will upload to current_stat
2021-03-24 19:20:39,271|azureml._history.utils.context_managers.FileWatcher|DEBUG|FileWatcher uploading files to current_stat...
2021-03-24 19:20:39,271|azureml._history.utils.context_managers.FileWatcher|DEBUG|FileWatcher uploading files to current_stat...
2021-03-24 19:20:39,271|azureml._history.utils.context_managers.FileWatcher|DEBUG|FileWatcher uploading files to current_stat...
2021-03-24 19:20:39,271|azureml._history.utils.context_managers.FileWatcher|DEBUG|FileWatcher uploading files to current_stat...
2021-03-24 19:20:39,271|azureml._history.utils.context_managers.FileWatcher|DEBUG|FileWatcher uploading files to current_stat...
2021-03-24 19:20:39,272|azureml._history.utils.context_managers.FileWatcher|DEBUG|FileWatcher uploading files to current_stat...
2021-03-24 19:20:39,272|azureml._history.utils.context_managers.FileWatcher|DEBUG|FileWatcher uploading files to current_stat...
2021-03-24 19:20:39,272|azureml._history.utils.context_managers.FileWatcher|DEBUG|FileWatcher uploading files to current_stat...
2021-03-24 19:20:39,272|azureml._history.utils.context_managers.FileWatcher|DEBUG|FileWatcher uploading files to current_stat...
2021-03-24 19:20:39,272|azureml._history.utils.context_managers.FileWatcher|DEBUG|FileWatcher uploading files to current_stat...
2021-03-24 19:20:39,272|azureml._history.utils.context_managers.FileWatcher|DEBUG|FileWatcher uploading files to current_stat...
2021-03-24 19:20:39,272|azureml._history.utils.context_managers.FileWatcher|DEBUG|FileWatcher uploading files to current_stat...
2021-03-24 19:20:39,273|azureml._history.utils.context_managers.FileWatcher|DEBUG|FileWatcher uploading files to current_stat...
2021-03-24 19:20:39,273|azureml._history.utils.context_managers.FileWatcher|DEBUG|FileWatcher uploading files to current_stat...
2021-03-24 19:20:39,273|azureml._history.utils.context_managers.FileWatcher|DEBUG|FileWatcher uploading files to current_stat...
2021-03-24 19:20:39,273|azureml._history.utils.context_managers.FileWatcher|DEBUG|FileWatcher uploading files to current_stat...
2021-03-24 19:20:39,273|azureml._history.utils.context_managers.FileWatcher|DEBUG|FileWatcher uploading files to current_stat...
2021-03-24 19:20:39,273|azureml._history.utils.context_managers.FileWatcher|DEBUG|FileWatcher uploading files to current_stat...
2021-03-24 19:20:39,273|azureml._history.utils.context_managers.FileWatcher|DEBUG|FileWatcher uploading files to current_stat...
2021-03-24 19:20:39,273|azureml._history.utils.context_managers.FileWatcher|DEBUG|FileWatcher uploading files to current_stat...
2021-03-24 19:20:39,274|azureml._history.utils.context_managers.FileWatcher|DEBUG|FileWatcher uploading files to current_stat...
2021-03-24 19:20:39,274|azureml._history.utils.context_managers.FileWatcher|DEBUG|FileWatcher uploading files to current_stat...
2021-03-24 19:20:39,274|azureml._history.utils.context_managers.FileWatcher|DEBUG|FileWatcher uploading files to current_stat...
2021-03-24 19:20:39,274|azureml._history.utils.context_managers.FileWatcher|DEBUG|FileWatcher uploading files to current_stat...
2021-03-24 19:20:39,274|azureml._history.utils.context_managers.FileWatcher|DEBUG|FileWatcher uploading files to current_stat...
2021-03-24 19:20:39,274|azureml._history.utils.context_managers.FileWatcher|DEBUG|FileWatcher uploading files to current_stat...
2021-03-24 19:20:39,274|azureml._history.utils.context_managers.FileWatcher|DEBUG|FileWatcher uploading files to current_stat...
2021-03-24 19:20:39,274|azureml._history.utils.context_managers.FileWatcher|DEBUG|FileWatcher uploading files to current_stat...
2021-03-24 19:20:39,275|azureml._history.utils.context_managers.FileWatcher|DEBUG|FileWatcher uploading files to current_stat...
2021-03-24 19:20:39,275|azureml._history.utils.context_managers.FileWatcher|DEBUG|FileWatcher uploading files to current_stat...
2021-03-24 19:20:39,275|azureml._history.utils.context_managers.FileWatcher|DEBUG|FileWatcher uploading files to current_stat...
2021-03-24 19:20:39,275|azureml._history.utils.context_managers.FileWatcher|DEBUG|FileWatcher uploading files to current_stat...
2021-03-24 19:20:39,275|azureml._history.utils.context_managers.FileWatcher|DEBUG|FileWatcher uploading files to current_stat...
2021-03-24 19:20:39,275|azureml._history.utils.context_managers.FileWatcher|DEBUG|FileWatcher uploading files to current_stat...
2021-03-24 19:20:39,275|azureml._history.utils.context_managers.FileWatcher|DEBUG|FileWatcher uploading files to current_stat...
2021-03-24 19:20:39,275|azureml._history.utils.context_managers.FileWatcher|DEBUG|FileWatcher uploading files to current_stat...
2021-03-24 19:20:39,276|azureml._history.utils.context_managers.FileWatcher|DEBUG|FileWatcher uploading files to current_stat...
2021-03-24 19:20:39,276|azureml._history.utils.context_managers.FileWatcher|DEBUG|FileWatcher uploading files to current_stat...
2021-03-24 19:20:39,276|azureml._history.utils.context_managers.FileWatcher|DEBUG|FileWatcher uploading files to current_stat...
2021-03-24 19:20:39,276|azureml._history.utils.context_managers.FileWatcher|DEBUG|FileWatcher uploading files to current_stat...
2021-03-24 19:20:39,279|azureml._history.utils.context_managers.FileWatcher|DEBUG|FileWatcher uploading files to current_stat...
2021-03-24 19:20:39,279|azureml._history.utils.context_managers.FileWatcher|DEBUG|FileWatcher uploading files to current_stat...
2021-03-24 19:20:39,279|azureml._history.utils.context_managers.FileWatcher|DEBUG|FileWatcher uploading files to current_stat...
2021-03-24 19:20:39,279|azureml._history.utils.context_managers.FileWatcher|DEBUG|FileWatcher uploading files to current_stat...
2021-03-24 19:20:39,279|azureml._history.utils.context_managers.FileWatcher|DEBUG|FileWatcher uploading files to current_stat...
2021-03-24 19:20:39,279|azureml._history.utils.context_managers.FileWatcher|DEBUG|FileWatcher uploading files to current_stat...
2021-03-24 19:20:39,280|azureml._history.utils.context_managers.FileWatcher|DEBUG|FileWatcher uploading files to current_stat...
2021-03-24 19:20:39,280|azureml._history.utils.context_managers.FileWatcher|DEBUG|FileWatcher uploading files to current_stat...
2021-03-24 19:20:39,280|azureml._history.utils.context_managers.FileWatcher|DEBUG|FileWatcher uploading files to current_stat...
2021-03-24 19:20:39,280|azureml._history.utils.context_managers.FileWatcher|DEBUG|FileWatcher uploading files to current_stat...
2021-03-24 19:20:39,280|azureml._history.utils.context_managers.FileWatcher|DEBUG|FileWatcher uploading files to current_stat...
2021-03-24 19:20:39,280|azureml._history.utils.context_managers.FileWatcher|DEBUG|FileWatcher uploading files to current_stat...
2021-03-24 19:20:39,280|azureml._history.utils.context_managers.FileWatcher|DEBUG|FileWatcher uploading files to current_stat...
2021-03-24 19:20:39,280|azureml._history.utils.context_managers.FileWatcher|DEBUG|FileWatcher uploading files to current_stat...
2021-03-24 19:20:39,281|azureml._history.utils.context_managers.FileWatcher|DEBUG|FileWatcher uploading files to current_stat...
2021-03-24 19:20:39,281|azureml._history.utils.context_managers.FileWatcher|DEBUG|FileWatcher uploading files to current_stat...
2021-03-24 19:20:39,281|azureml._history.utils.context_managers.FileWatcher|DEBUG|FileWatcher uploading files to current_stat...
2021-03-24 19:20:39,281|azureml._history.utils.context_managers.FileWatcher|DEBUG|FileWatcher uploading files to current_stat...
2021-03-24 19:20:39,281|azureml._history.utils.context_managers.FileWatcher|DEBUG|FileWatcher uploading files to current_stat...
2021-03-24 19:20:39,281|azureml._history.utils.context_managers.FileWatcher|DEBUG|FileWatcher uploading files to current_stat...
2021-03-24 19:20:39,281|azureml._history.utils.context_managers.FileWatcher|DEBUG|FileWatcher uploading files to current_stat...
2021-03-24 19:20:39,281|azureml._history.utils.context_managers.FileWatcher|DEBUG|FileWatcher uploading files to current_stat...
2021-03-24 19:20:39,282|azureml._history.utils.context_managers.FileWatcher|DEBUG|FileWatcher uploading files to current_stat...
2021-03-24 19:20:39,282|azureml._history.utils.context_managers.FileWatcher|DEBUG|FileWatcher uploading files to current_stat...
2021-03-24 19:20:39,282|azureml._history.utils.context_managers.FileWatcher|DEBUG|FileWatcher uploading files to current_stat...
2021-03-24 19:20:39,282|azureml._history.utils.context_managers.FileWatcher|DEBUG|FileWatcher uploading files to current_stat...
2021-03-24 19:20:39,282|azureml._history.utils.context_managers.FileWatcher|DEBUG|FileWatcher uploading files to current_stat...
2021-03-24 19:20:39,282|azureml._history.utils.context_managers.FileWatcher|DEBUG|FileWatcher uploading files to current_stat...
2021-03-24 19:20:39,282|azureml._history.utils.context_managers.FileWatcher|DEBUG|FileWatcher uploading files to current_stat...
2021-03-24 19:20:39,282|azureml._history.utils.context_managers.FileWatcher|DEBUG|FileWatcher uploading files to current_stat...
2021-03-24 19:20:39,283|azureml._history.utils.context_managers.FileWatcher|DEBUG|FileWatcher uploading files to current_stat...
2021-03-24 19:20:39,283|azureml._history.utils.context_managers.FileWatcher|DEBUG|FileWatcher uploading files to current_stat...
2021-03-24 19:20:39,283|azureml._history.utils.context_managers.FileWatcher|DEBUG|FileWatcher uploading files to current_stat...
2021-03-24 19:20:39,283|azureml._history.utils.context_managers.FileWatcher|DEBUG|FileWatcher uploading files to current_stat...
2021-03-24 19:20:39,283|azureml._history.utils.context_managers.FileWatcher|DEBUG|FileWatcher uploading files to current_stat...
2021-03-24 19:20:39,283|azureml._history.utils.context_managers.FileWatcher|DEBUG|FileWatcher uploading files to current_stat...
2021-03-24 19:20:39,283|azureml._history.utils.context_managers.FileWatcher|DEBUG|FileWatcher uploading files to current_stat...
2021-03-24 19:20:39,283|azureml._history.utils.context_managers.FileWatcher|DEBUG|FileWatcher uploading files to current_stat...
2021-03-24 19:20:39,284|azureml._history.utils.context_managers.FileWatcher|DEBUG|FileWatcher uploading files to current_stat...
2021-03-24 19:20:39,284|azureml._history.utils.context_managers.FileWatcher|DEBUG|FileWatcher uploading files to current_stat...
2021-03-24 19:20:39,284|azureml._history.utils.context_managers.FileWatcher|DEBUG|FileWatcher uploading files to current_stat...
2021-03-24 19:20:39,284|azureml._history.utils.context_managers.FileWatcher|DEBUG|FileWatcher uploading files to current_stat...
2021-03-24 19:20:39,284|azureml._history.utils.context_managers.FileWatcher|DEBUG|FileWatcher uploading files to current_stat...
2021-03-24 19:20:39,284|azureml._history.utils.context_managers.FileWatcher|DEBUG|FileWatcher uploading files to current_stat...
2021-03-24 19:20:39,284|azureml._history.utils.context_managers.FileWatcher|DEBUG|FileWatcher uploading files to current_stat...
2021-03-24 19:20:39,284|azureml._history.utils.context_managers.FileWatcher|DEBUG|FileWatcher uploading files to current_stat...
2021-03-24 19:20:39,285|azureml._history.utils.context_managers.FileWatcher|DEBUG|FileWatcher uploading files to current_stat...
2021-03-24 19:20:39,285|azureml._history.utils.context_managers.FileWatcher|DEBUG|FileWatcher uploading files to current_stat...
2021-03-24 19:20:39,285|azureml._history.utils.context_managers.FileWatcher|DEBUG|FileWatcher uploading files to current_stat...
2021-03-24 19:20:39,285|azureml._history.utils.context_managers.FileWatcher|DEBUG|FileWatcher uploading files to current_stat...
2021-03-24 19:20:39,285|azureml._history.utils.context_managers.FileWatcher|DEBUG|FileWatcher uploading files to current_stat...
2021-03-24 19:20:39,285|azureml._history.utils.context_managers.FileWatcher|DEBUG|FileWatcher uploading files to current_stat...
2021-03-24 19:20:39,285|azureml._history.utils.context_managers.FileWatcher|DEBUG|FileWatcher uploading files to current_stat...
2021-03-24 19:20:39,286|azureml._history.utils.context_managers.FileWatcher|DEBUG|FileWatcher uploading files to current_stat...
2021-03-24 19:20:39,286|azureml._history.utils.context_managers.FileWatcher|DEBUG|FileWatcher uploading files to current_stat...
2021-03-24 19:20:39,286|azureml._history.utils.context_managers.FileWatcher|DEBUG|FileWatcher uploading files to current_stat...
2021-03-24 19:20:39,286|azureml._history.utils.context_managers.FileWatcher|DEBUG|FileWatcher uploading files to current_stat...
2021-03-24 19:20:39,286|azureml._history.utils.context_managers.FileWatcher|DEBUG|FileWatcher uploading files to current_stat...
2021-03-24 19:20:39,286|azureml._history.utils.context_managers.FileWatcher|DEBUG|FileWatcher uploading files to current_stat...
2021-03-24 19:20:39,286|azureml._history.utils.context_managers.FileWatcher|DEBUG|FileWatcher uploading files to current_stat...
2021-03-24 19:20:39,286|azureml._history.utils.context_managers.FileWatcher|DEBUG|FileWatcher uploading files to current_stat...
2021-03-24 19:20:39,286|azureml._history.utils.context_managers.FileWatcher|DEBUG|FileWatcher uploading files to current_stat...
2021-03-24 19:20:39,287|azureml._history.utils.context_managers.FileWatcher|DEBUG|FileWatcher uploading files to current_stat...
2021-03-24 19:20:39,287|azureml._history.utils.context_managers.FileWatcher|DEBUG|FileWatcher uploading files to current_stat...
2021-03-24 19:20:39,287|azureml._history.utils.context_managers.FileWatcher|DEBUG|FileWatcher uploading files to current_stat...
2021-03-24 19:20:39,287|azureml._history.utils.context_managers.FileWatcher|DEBUG|FileWatcher uploading files to current_stat...
2021-03-24 19:20:39,287|azureml._history.utils.context_managers.FileWatcher|DEBUG|FileWatcher uploading files to current_stat...
2021-03-24 19:20:39,287|azureml._history.utils.context_managers.FileWatcher|DEBUG|FileWatcher uploading files to current_stat...
2021-03-24 19:20:39,287|azureml._history.utils.context_managers.FileWatcher|DEBUG|FileWatcher uploading files to current_stat...
2021-03-24 19:20:39,287|azureml._history.utils.context_managers.FileWatcher|DEBUG|FileWatcher uploading files to current_stat...
2021-03-24 19:20:39,288|azureml._history.utils.context_managers.FileWatcher|DEBUG|FileWatcher uploading files to current_stat...
2021-03-24 19:20:39,288|azureml._history.utils.context_managers.FileWatcher|DEBUG|FileWatcher uploading files to current_stat...
2021-03-24 19:20:39,288|azureml._history.utils.context_managers.FileWatcher|DEBUG|FileWatcher uploading files to current_stat...
2021-03-24 19:20:39,288|azureml._history.utils.context_managers.FileWatcher|DEBUG|FileWatcher uploading files to current_stat...
2021-03-24 19:20:39,288|azureml._history.utils.context_managers.FileWatcher|DEBUG|FileWatcher uploading files to current_stat...
2021-03-24 19:20:39,288|azureml._history.utils.context_managers.FileWatcher|DEBUG|FileWatcher uploading files to current_stat...
2021-03-24 19:20:39,288|azureml._history.utils.context_managers.FileWatcher|DEBUG|FileWatcher uploading files to current_stat...
2021-03-24 19:20:39,289|azureml._history.utils.context_managers.FileWatcher|DEBUG|FileWatcher uploading files to current_stat...
2021-03-24 19:20:39,289|azureml._history.utils.context_managers.FileWatcher|DEBUG|FileWatcher uploading files to current_stat...
2021-03-24 19:20:39,289|azureml._history.utils.context_managers.FileWatcher|DEBUG|FileWatcher uploading files to current_stat...
2021-03-24 19:20:39,289|azureml._history.utils.context_managers.FileWatcher|DEBUG|FileWatcher uploading files to current_stat...
2021-03-24 19:20:39,289|azureml._history.utils.context_managers.FileWatcher|DEBUG|FileWatcher uploading files to current_stat...
2021-03-24 19:20:39,289|azureml._history.utils.context_managers.FileWatcher|DEBUG|FileWatcher uploading files to current_stat...
2021-03-24 19:20:39,290|azureml._history.utils.context_managers.FileWatcher.UploadQueue.WorkerPool|DEBUG|submitting future: result
2021-03-24 19:20:39,291|azureml._history.utils.context_managers.FileWatcher.UploadQueue.2_result|DEBUG|Using basic handler - no exception handling
2021-03-24 19:20:39,291|azureml._history.utils.context_managers.FileWatcher.UploadQueue|DEBUG|Adding task 2_result to queue of approximate size: 2
2021-03-24 19:20:39,292|azureml._history.utils.context_managers.FileWatcher|DEBUG|FileWatcher finished uploading to current_stat, finishing task queue
2021-03-24 19:20:39,292|azureml._history.utils.context_managers.FileWatcher.UploadQueue|DEBUG|[Stop] - waiting default timeout
2021-03-24 19:20:39,292|azureml._history.utils.context_managers.FileWatcher.UploadQueue.WaitFlushSource:UploadQueue|DEBUG|[START]
2021-03-24 19:20:39,292|azureml._history.utils.context_managers.FileWatcher.UploadQueue.WaitFlushSource:UploadQueue|DEBUG|Overriding default flush timeout from None to 120
2021-03-24 19:20:39,292|azureml._history.utils.context_managers.FileWatcher.UploadQueue.WaitFlushSource:UploadQueue|DEBUG|Waiting 120 seconds on tasks: [AsyncTask(0_result), AsyncTask(1_result), AsyncTask(2_result)].
2021-03-24 19:20:39,292|azureml._history.utils.context_managers.FileWatcher.UploadQueue.0_result.WaitingTask|DEBUG|[START]
2021-03-24 19:20:39,292|azureml._history.utils.context_managers.FileWatcher.UploadQueue.0_result.WaitingTask|DEBUG|Awaiter is UploadQueue
2021-03-24 19:20:39,292|azureml._history.utils.context_managers.FileWatcher.UploadQueue.0_result.WaitingTask|DEBUG|[STOP]
2021-03-24 19:20:39,292|azureml._history.utils.context_managers.FileWatcher.UploadQueue.1_result.WaitingTask|DEBUG|[START]
2021-03-24 19:20:39,292|azureml._history.utils.context_managers.FileWatcher.UploadQueue.1_result.WaitingTask|DEBUG|Awaiter is UploadQueue
2021-03-24 19:20:39,292|azureml._history.utils.context_managers.FileWatcher.UploadQueue.1_result.WaitingTask|DEBUG|[STOP]
2021-03-24 19:20:39,542|azureml._history.utils.context_managers.FileWatcher.UploadQueue.2_result.WaitingTask|DEBUG|[START]
2021-03-24 19:20:39,543|azureml._history.utils.context_managers.FileWatcher.UploadQueue.2_result.WaitingTask|DEBUG|Awaiter is UploadQueue
2021-03-24 19:20:39,543|azureml._history.utils.context_managers.FileWatcher.UploadQueue.2_result.WaitingTask|DEBUG|[STOP]
2021-03-24 19:20:39,543|azureml._history.utils.context_managers.FileWatcher.UploadQueue|DEBUG|Waiting on task: 2_result.
1 tasks left. Current duration of flush 0.0003848075866699219 seconds.

2021-03-24 19:20:39,543|azureml._history.utils.context_managers.FileWatcher.UploadQueue.WaitFlushSource:UploadQueue|DEBUG|[STOP]
